[debug] [2025-01-17T02:50:42.290Z] ----------------------------------------------------------------------
[debug] [2025-01-17T02:50:42.291Z] Command:       C:\Program Files\nodejs\node.exe C:\Users\david\AppData\Roaming\npm\node_modules\firebase-tools\lib\bin\firebase.js init
[debug] [2025-01-17T02:50:42.291Z] CLI Version:   13.29.1
[debug] [2025-01-17T02:50:42.292Z] Platform:      win32
[debug] [2025-01-17T02:50:42.292Z] Node Version:  v22.13.0
[debug] [2025-01-17T02:50:42.292Z] Time:          Thu Jan 16 2025 21:50:42 GMT-0500 (Eastern Standard Time)
[debug] [2025-01-17T02:50:42.292Z] ----------------------------------------------------------------------
[debug] 
[debug] [2025-01-17T02:50:42.330Z] > command requires scopes: ["email","openid","https://www.googleapis.com/auth/cloudplatformprojects.readonly","https://www.googleapis.com/auth/firebase","https://www.googleapis.com/auth/cloud-platform"]
[debug] [2025-01-17T02:50:42.330Z] > authorizing via signed-in user (mochithecorgi0117@gmail.com)
[info] 
     ######## #### ########  ######## ########     ###     ######  ########
     ##        ##  ##     ## ##       ##     ##  ##   ##  ##       ##
     ######    ##  ########  ######   ########  #########  ######  ######
     ##        ##  ##    ##  ##       ##     ## ##     ##       ## ##
     ##       #### ##     ## ######## ########  ##     ##  ######  ########

You're about to initialize a Firebase project in this directory:

  C:\Users\david\OneDrive\Desktop\!!web.bingo

Before we get started, keep in mind:

  * You are initializing within an existing Firebase project directory

